2022-01-16 19:19:59 [restartedMain] INFO  com.simbir.words.WordsApplication - Starting WordsApplication using Java 11.0.12 on DESKTOP-3S26PC6 with PID 4832 (C:\Users\Teacher\Documents\GitHub\SimbirSoftTestJavaAndReact\words\target\classes started by Teacher in C:\Users\Teacher\Documents\GitHub\SimbirSoftTestJavaAndReact\words)
2022-01-16 19:19:59 [restartedMain] INFO  com.simbir.words.WordsApplication - No active profile set, falling back to default profiles: default
2022-01-16 19:19:59 [restartedMain] INFO  o.s.b.d.e.DevToolsPropertyDefaultsPostProcessor - Devtools property defaults active! Set 'spring.devtools.add-properties' to 'false' to disable
2022-01-16 19:19:59 [restartedMain] INFO  o.s.b.d.e.DevToolsPropertyDefaultsPostProcessor - For additional web related logging consider setting the 'logging.level.web' property to 'DEBUG'
2022-01-16 19:20:02 [restartedMain] INFO  o.s.d.r.c.RepositoryConfigurationDelegate - Bootstrapping Spring Data MongoDB repositories in DEFAULT mode.
2022-01-16 19:20:02 [restartedMain] INFO  o.s.d.r.c.RepositoryConfigurationDelegate - Finished Spring Data repository scanning in 109 ms. Found 1 MongoDB repository interfaces.
2022-01-16 19:20:03 [restartedMain] INFO  o.s.b.w.e.tomcat.TomcatWebServer - Tomcat initialized with port(s): 8080 (http)
2022-01-16 19:20:03 [restartedMain] INFO  o.a.catalina.core.StandardService - Starting service [Tomcat]
2022-01-16 19:20:03 [restartedMain] INFO  o.a.catalina.core.StandardEngine - Starting Servlet engine: [Apache Tomcat/9.0.56]
2022-01-16 19:20:04 [restartedMain] INFO  o.a.c.c.C.[Tomcat].[localhost].[/] - Initializing Spring embedded WebApplicationContext
2022-01-16 19:20:04 [restartedMain] INFO  o.s.b.w.s.c.ServletWebServerApplicationContext - Root WebApplicationContext: initialization completed in 4178 ms
2022-01-16 19:20:04 [restartedMain] INFO  org.mongodb.driver.cluster - Cluster created with settings {hosts=[127.0.0.1:27017], srvHost=cluster0.j220x.mongodb.net, mode=MULTIPLE, requiredClusterType=REPLICA_SET, serverSelectionTimeout='30000 ms', requiredReplicaSetName='atlas-ew1x3v-shard-0'}
2022-01-16 19:20:05 [cluster-ClusterId{value='61e429944060b658ae0eefb8', description='null'}-srv-cluster0.j220x.mongodb.net] INFO  org.mongodb.driver.cluster - Adding discovered server cluster0-shard-00-00.j220x.mongodb.net:27017 to client view of cluster
2022-01-16 19:20:05 [cluster-ClusterId{value='61e429944060b658ae0eefb8', description='null'}-srv-cluster0.j220x.mongodb.net] INFO  org.mongodb.driver.cluster - Adding discovered server cluster0-shard-00-01.j220x.mongodb.net:27017 to client view of cluster
2022-01-16 19:20:05 [cluster-ClusterId{value='61e429944060b658ae0eefb8', description='null'}-srv-cluster0.j220x.mongodb.net] INFO  org.mongodb.driver.cluster - Adding discovered server cluster0-shard-00-02.j220x.mongodb.net:27017 to client view of cluster
2022-01-16 19:20:05 [restartedMain] INFO  o.s.b.d.a.OptionalLiveReloadServer - LiveReload server is running on port 35729
2022-01-16 19:20:06 [cluster-ClusterId{value='61e429944060b658ae0eefb8', description='null'}-cluster0-shard-00-02.j220x.mongodb.net:27017] INFO  org.mongodb.driver.connection - Opened connection [connectionId{localValue:5, serverValue:133838}] to cluster0-shard-00-02.j220x.mongodb.net:27017
2022-01-16 19:20:06 [cluster-rtt-ClusterId{value='61e429944060b658ae0eefb8', description='null'}-cluster0-shard-00-01.j220x.mongodb.net:27017] INFO  org.mongodb.driver.connection - Opened connection [connectionId{localValue:4, serverValue:136362}] to cluster0-shard-00-01.j220x.mongodb.net:27017
2022-01-16 19:20:06 [cluster-ClusterId{value='61e429944060b658ae0eefb8', description='null'}-cluster0-shard-00-02.j220x.mongodb.net:27017] INFO  org.mongodb.driver.cluster - Monitor thread successfully connected to server with description ServerDescription{address=cluster0-shard-00-02.j220x.mongodb.net:27017, type=REPLICA_SET_SECONDARY, state=CONNECTED, ok=true, minWireVersion=0, maxWireVersion=9, maxDocumentSize=16777216, logicalSessionTimeoutMinutes=30, roundTripTimeNanos=627073400, setName='atlas-ew1x3v-shard-0', canonicalAddress=cluster0-shard-00-02.j220x.mongodb.net:27017, hosts=[cluster0-shard-00-01.j220x.mongodb.net:27017, cluster0-shard-00-02.j220x.mongodb.net:27017, cluster0-shard-00-00.j220x.mongodb.net:27017], passives=[], arbiters=[], primary='cluster0-shard-00-01.j220x.mongodb.net:27017', tagSet=TagSet{[Tag{name='nodeType', value='ELECTABLE'}, Tag{name='provider', value='AWS'}, Tag{name='region', value='EU_CENTRAL_1'}, Tag{name='workloadType', value='OPERATIONAL'}]}, electionId=null, setVersion=1, topologyVersion=TopologyVersion{processId=61dc834644842cf43bfb633c, counter=3}, lastWriteDate=Sun Jan 16 19:20:05 YEKT 2022, lastUpdateTimeNanos=4416106875100}
2022-01-16 19:20:06 [cluster-rtt-ClusterId{value='61e429944060b658ae0eefb8', description='null'}-cluster0-shard-00-00.j220x.mongodb.net:27017] INFO  org.mongodb.driver.connection - Opened connection [connectionId{localValue:2, serverValue:133935}] to cluster0-shard-00-00.j220x.mongodb.net:27017
2022-01-16 19:20:06 [cluster-ClusterId{value='61e429944060b658ae0eefb8', description='null'}-cluster0-shard-00-00.j220x.mongodb.net:27017] INFO  org.mongodb.driver.connection - Opened connection [connectionId{localValue:1, serverValue:133940}] to cluster0-shard-00-00.j220x.mongodb.net:27017
2022-01-16 19:20:06 [cluster-rtt-ClusterId{value='61e429944060b658ae0eefb8', description='null'}-cluster0-shard-00-02.j220x.mongodb.net:27017] INFO  org.mongodb.driver.connection - Opened connection [connectionId{localValue:6, serverValue:133838}] to cluster0-shard-00-02.j220x.mongodb.net:27017
2022-01-16 19:20:06 [cluster-ClusterId{value='61e429944060b658ae0eefb8', description='null'}-cluster0-shard-00-00.j220x.mongodb.net:27017] INFO  org.mongodb.driver.cluster - Monitor thread successfully connected to server with description ServerDescription{address=cluster0-shard-00-00.j220x.mongodb.net:27017, type=REPLICA_SET_SECONDARY, state=CONNECTED, ok=true, minWireVersion=0, maxWireVersion=9, maxDocumentSize=16777216, logicalSessionTimeoutMinutes=30, roundTripTimeNanos=626090100, setName='atlas-ew1x3v-shard-0', canonicalAddress=cluster0-shard-00-00.j220x.mongodb.net:27017, hosts=[cluster0-shard-00-01.j220x.mongodb.net:27017, cluster0-shard-00-02.j220x.mongodb.net:27017, cluster0-shard-00-00.j220x.mongodb.net:27017], passives=[], arbiters=[], primary='cluster0-shard-00-01.j220x.mongodb.net:27017', tagSet=TagSet{[Tag{name='nodeType', value='ELECTABLE'}, Tag{name='provider', value='AWS'}, Tag{name='region', value='EU_CENTRAL_1'}, Tag{name='workloadType', value='OPERATIONAL'}]}, electionId=null, setVersion=1, topologyVersion=TopologyVersion{processId=61dc8304b9b69bd0f0872fec, counter=4}, lastWriteDate=Sun Jan 16 19:20:05 YEKT 2022, lastUpdateTimeNanos=4416106312400}
2022-01-16 19:20:06 [cluster-ClusterId{value='61e429944060b658ae0eefb8', description='null'}-cluster0-shard-00-01.j220x.mongodb.net:27017] INFO  org.mongodb.driver.connection - Opened connection [connectionId{localValue:3, serverValue:136362}] to cluster0-shard-00-01.j220x.mongodb.net:27017
2022-01-16 19:20:06 [cluster-ClusterId{value='61e429944060b658ae0eefb8', description='null'}-cluster0-shard-00-01.j220x.mongodb.net:27017] INFO  org.mongodb.driver.cluster - Monitor thread successfully connected to server with description ServerDescription{address=cluster0-shard-00-01.j220x.mongodb.net:27017, type=REPLICA_SET_PRIMARY, state=CONNECTED, ok=true, minWireVersion=0, maxWireVersion=9, maxDocumentSize=16777216, logicalSessionTimeoutMinutes=30, roundTripTimeNanos=633106400, setName='atlas-ew1x3v-shard-0', canonicalAddress=cluster0-shard-00-01.j220x.mongodb.net:27017, hosts=[cluster0-shard-00-01.j220x.mongodb.net:27017, cluster0-shard-00-02.j220x.mongodb.net:27017, cluster0-shard-00-00.j220x.mongodb.net:27017], passives=[], arbiters=[], primary='cluster0-shard-00-01.j220x.mongodb.net:27017', tagSet=TagSet{[Tag{name='nodeType', value='ELECTABLE'}, Tag{name='provider', value='AWS'}, Tag{name='region', value='EU_CENTRAL_1'}, Tag{name='workloadType', value='OPERATIONAL'}]}, electionId=7fffffff0000000000000038, setVersion=1, topologyVersion=TopologyVersion{processId=61dc832ff6feaf62a3802d53, counter=6}, lastWriteDate=Sun Jan 16 19:20:05 YEKT 2022, lastUpdateTimeNanos=4416106476600}
2022-01-16 19:20:06 [cluster-ClusterId{value='61e429944060b658ae0eefb8', description='null'}-cluster0-shard-00-01.j220x.mongodb.net:27017] INFO  org.mongodb.driver.cluster - Setting max election id to 7fffffff0000000000000038 from replica set primary cluster0-shard-00-01.j220x.mongodb.net:27017
2022-01-16 19:20:06 [cluster-ClusterId{value='61e429944060b658ae0eefb8', description='null'}-cluster0-shard-00-01.j220x.mongodb.net:27017] INFO  org.mongodb.driver.cluster - Setting max set version to 1 from replica set primary cluster0-shard-00-01.j220x.mongodb.net:27017
2022-01-16 19:20:06 [cluster-ClusterId{value='61e429944060b658ae0eefb8', description='null'}-cluster0-shard-00-01.j220x.mongodb.net:27017] INFO  org.mongodb.driver.cluster - Discovered replica set primary cluster0-shard-00-01.j220x.mongodb.net:27017
2022-01-16 19:20:07 [restartedMain] INFO  o.s.b.w.e.tomcat.TomcatWebServer - Tomcat started on port(s): 8080 (http) with context path ''
2022-01-16 19:20:07 [restartedMain] INFO  com.simbir.words.WordsApplication - Started WordsApplication in 10.246 seconds (JVM running for 13.58)
2022-01-16 19:20:23 [http-nio-8080-exec-1] INFO  o.a.c.c.C.[Tomcat].[localhost].[/] - Initializing Spring DispatcherServlet 'dispatcherServlet'
2022-01-16 19:20:23 [http-nio-8080-exec-1] INFO  o.s.web.servlet.DispatcherServlet - Initializing Servlet 'dispatcherServlet'
2022-01-16 19:20:23 [http-nio-8080-exec-1] INFO  o.s.web.servlet.DispatcherServlet - Completed initialization in 2 ms
2022-01-16 19:20:26 [http-nio-8080-exec-1] INFO  c.s.words.service.ServiceForWords - INFO We made a get request and received the data with https://www.simbirsoft.com/
2022-01-16 19:20:26 [http-nio-8080-exec-1] INFO  c.s.words.service.ServiceForWords - INFO we received the data and started analyzing this.
2022-01-16 19:20:26 [http-nio-8080-exec-1] INFO  com.simbir.words.to.GetUniqueWords - INFO get unique words 
2022-01-16 19:20:26 [http-nio-8080-exec-1] INFO  c.s.words.service.ServiceForWords - INFO The end analyzing this data.
2022-01-16 19:20:37 [http-nio-8080-exec-2] INFO  org.mongodb.driver.connection - Opened connection [connectionId{localValue:7, serverValue:136364}] to cluster0-shard-00-01.j220x.mongodb.net:27017
